<?xml version="1.0" encoding="UTF-8"?>
<!-- Generated by org.testng.reporters.JUnitReportReporter -->
<testsuite skipped="12" hostname="LAPTOP-K171VAOP" name="com.ba.Task.tests.BookingPageTest" tests="13" failures="0" timestamp="2022-05-11T11:19:08 IST" time="20.026" errors="1">
  <testcase name="setup" time="20.025" classname="com.ba.Task.tests.BookingPageTest">
    <error type="org.openqa.selenium.WebDriverException" message="Timed out waiting for driver server to start.
Build info: version: &#039;3.141.59&#039;, revision: &#039;e82be7d358&#039;, time: &#039;2018-11-14T08:17:03&#039;
System info: host: &#039;LAPTOP-K171VAOP&#039;, ip: &#039;192.168.100.41&#039;, os.name: &#039;Windows 10&#039;, os.arch: &#039;amd64&#039;, os.version: &#039;10.0&#039;, java.version: &#039;1.8.0_202&#039;
Driver info: driver.version: ChromeDriver">
      <![CDATA[org.openqa.selenium.WebDriverException: Timed out waiting for driver server to start.
Build info: version: '3.141.59', revision: 'e82be7d358', time: '2018-11-14T08:17:03'
System info: host: 'LAPTOP-K171VAOP', ip: '192.168.100.41', os.name: 'Windows 10', os.arch: 'amd64', os.version: '10.0', java.version: '1.8.0_202'
Driver info: driver.version: ChromeDriver
at org.openqa.selenium.remote.service.DriverService.waitUntilAvailable(DriverService.java:202)
at org.openqa.selenium.remote.service.DriverService.start(DriverService.java:188)
at org.openqa.selenium.remote.service.DriverCommandExecutor.execute(DriverCommandExecutor.java:79)
at org.openqa.selenium.remote.RemoteWebDriver.execute(RemoteWebDriver.java:552)
at org.openqa.selenium.remote.RemoteWebDriver.startSession(RemoteWebDriver.java:213)
at org.openqa.selenium.remote.RemoteWebDriver.<init>(RemoteWebDriver.java:131)
at org.openqa.selenium.chrome.ChromeDriver.<init>(ChromeDriver.java:181)
at org.openqa.selenium.chrome.ChromeDriver.<init>(ChromeDriver.java:168)
at org.openqa.selenium.chrome.ChromeDriver.<init>(ChromeDriver.java:157)
at com.ba.Task.factory.DriverFactory.initDriver(DriverFactory.java:55)
at com.ba.Task.tests.BaseTest.setup(BaseTest.java:28)
at sun.reflect.NativeMethodAccessorImpl.invoke0(Native Method)
at sun.reflect.NativeMethodAccessorImpl.invoke(NativeMethodAccessorImpl.java:62)
at sun.reflect.DelegatingMethodAccessorImpl.invoke(DelegatingMethodAccessorImpl.java:43)
at java.lang.reflect.Method.invoke(Method.java:498)
at org.testng.internal.MethodInvocationHelper.invokeMethod(MethodInvocationHelper.java:133)
at org.testng.internal.MethodInvocationHelper.invokeMethodConsideringTimeout(MethodInvocationHelper.java:62)
at org.testng.internal.ConfigInvoker.invokeConfigurationMethod(ConfigInvoker.java:385)
at org.testng.internal.ConfigInvoker.invokeConfigurations(ConfigInvoker.java:321)
at org.testng.TestRunner.invokeTestConfigurations(TestRunner.java:637)
at org.testng.TestRunner.beforeRun(TestRunner.java:627)
at org.testng.TestRunner.run(TestRunner.java:589)
at org.testng.SuiteRunner.runTest(SuiteRunner.java:377)
at org.testng.SuiteRunner.runSequentially(SuiteRunner.java:371)
at org.testng.SuiteRunner.privateRun(SuiteRunner.java:332)
at org.testng.SuiteRunner.run(SuiteRunner.java:276)
at org.testng.SuiteRunnerWorker.runSuite(SuiteRunnerWorker.java:53)
at org.testng.SuiteRunnerWorker.run(SuiteRunnerWorker.java:96)
at org.testng.TestNG.runSuitesSequentially(TestNG.java:1212)
at org.testng.TestNG.runSuitesLocally(TestNG.java:1134)
at org.testng.TestNG.runSuites(TestNG.java:1063)
at org.testng.TestNG.run(TestNG.java:1031)
at org.testng.remote.AbstractRemoteTestNG.run(AbstractRemoteTestNG.java:115)
at org.testng.remote.RemoteTestNG.initAndRun(RemoteTestNG.java:251)
at org.testng.remote.RemoteTestNG.main(RemoteTestNG.java:77)
Caused by: org.openqa.selenium.net.UrlChecker$TimeoutException: Timed out waiting for [http://localhost:2389/status] to be available after 20004 ms
at org.openqa.selenium.net.UrlChecker.waitUntilAvailable(UrlChecker.java:100)
at org.openqa.selenium.remote.service.DriverService.waitUntilAvailable(DriverService.java:197)
... 34 more
Caused by: java.util.concurrent.TimeoutException
at java.util.concurrent.FutureTask.get(FutureTask.java:205)
at com.google.common.util.concurrent.SimpleTimeLimiter.callWithTimeout(SimpleTimeLimiter.java:156)
at org.openqa.selenium.net.UrlChecker.waitUntilAvailable(UrlChecker.java:75)
... 35 more
]]>
    </error>
  </testcase> <!-- setup -->
  <system-out/>
  <testcase name="selectAmount" time="0.000" classname="com.ba.Task.tests.BookingPageTest">
    <skipped/>
  </testcase> <!-- selectAmount -->
  <system-out/>
  <testcase name="ischeckaAmountExist" time="0.000" classname="com.ba.Task.tests.BookingPageTest">
    <skipped/>
  </testcase> <!-- ischeckaAmountExist -->
  <system-out/>
  <testcase name="ischeckaRatingExist" time="0.000" classname="com.ba.Task.tests.BookingPageTest">
    <skipped/>
  </testcase> <!-- ischeckaRatingExist -->
  <system-out/>
  <testcase name="selectGuestRating" time="0.000" classname="com.ba.Task.tests.BookingPageTest">
    <skipped/>
  </testcase> <!-- selectGuestRating -->
  <system-out/>
  <testcase name="isCheckLunchincluded" time="0.000" classname="com.ba.Task.tests.BookingPageTest">
    <skipped/>
  </testcase> <!-- isCheckLunchincluded -->
  <system-out/>
  <testcase name="selectLunch" time="0.001" classname="com.ba.Task.tests.BookingPageTest">
    <skipped/>
  </testcase> <!-- selectLunch -->
  <system-out/>
  <testcase name="isCheckDinnerincluded" time="0.000" classname="com.ba.Task.tests.BookingPageTest">
    <skipped/>
  </testcase> <!-- isCheckDinnerincluded -->
  <system-out/>
  <testcase name="selectDinner" time="0.000" classname="com.ba.Task.tests.BookingPageTest">
    <skipped/>
  </testcase> <!-- selectDinner -->
  <system-out/>
  <testcase name="selectDropdown" time="0.000" classname="com.ba.Task.tests.BookingPageTest">
    <skipped/>
  </testcase> <!-- selectDropdown -->
  <system-out/>
  <testcase name="selectHotelList" time="0.000" classname="com.ba.Task.tests.BookingPageTest">
    <skipped/>
  </testcase> <!-- selectHotelList -->
  <system-out/>
  <testcase name="cheapesthotels" time="0.000" classname="com.ba.Task.tests.BookingPageTest">
    <skipped/>
  </testcase> <!-- cheapesthotels -->
  <system-out/>
  <testcase name="clickCheapestHotel" time="0.000" classname="com.ba.Task.tests.BookingPageTest">
    <skipped/>
  </testcase> <!-- clickCheapestHotel -->
  <system-out/>
</testsuite> <!-- com.ba.Task.tests.BookingPageTest -->
