<?xml version="1.0" encoding="UTF-8"?>
<!-- Generated by org.testng.reporters.JUnitReportReporter -->
<testsuite skipped="12" hostname="LAPTOP-K171VAOP" name="com.ba.Task.tests.BookingPageTest" tests="13" failures="0" timestamp="2022-05-10T15:45:27 IST" time="1.372" errors="1">
  <testcase name="setup" time="1.371" classname="com.ba.Task.tests.BookingPageTest">
    <error type="java.lang.NullPointerException">
      <![CDATA[java.lang.NullPointerException
at com.ba.Task.factory.OptionsManager.getFirefoxOptions(OptionsManager.java:28)
at com.ba.Task.factory.DriverFactory.initDriver(DriverFactory.java:66)
at com.ba.Task.tests.BaseTest.setup(BaseTest.java:28)
at sun.reflect.NativeMethodAccessorImpl.invoke0(Native Method)
at sun.reflect.NativeMethodAccessorImpl.invoke(NativeMethodAccessorImpl.java:62)
at sun.reflect.DelegatingMethodAccessorImpl.invoke(DelegatingMethodAccessorImpl.java:43)
at java.lang.reflect.Method.invoke(Method.java:498)
at org.testng.internal.MethodInvocationHelper.invokeMethod(MethodInvocationHelper.java:133)
at org.testng.internal.MethodInvocationHelper.invokeMethodConsideringTimeout(MethodInvocationHelper.java:62)
at org.testng.internal.ConfigInvoker.invokeConfigurationMethod(ConfigInvoker.java:385)
at org.testng.internal.ConfigInvoker.invokeConfigurations(ConfigInvoker.java:321)
at org.testng.TestRunner.invokeTestConfigurations(TestRunner.java:637)
at org.testng.TestRunner.beforeRun(TestRunner.java:627)
at org.testng.TestRunner.run(TestRunner.java:589)
at org.testng.SuiteRunner.runTest(SuiteRunner.java:377)
at org.testng.SuiteRunner.runSequentially(SuiteRunner.java:371)
at org.testng.SuiteRunner.privateRun(SuiteRunner.java:332)
at org.testng.SuiteRunner.run(SuiteRunner.java:276)
at org.testng.SuiteRunnerWorker.runSuite(SuiteRunnerWorker.java:53)
at org.testng.SuiteRunnerWorker.run(SuiteRunnerWorker.java:96)
at org.testng.TestNG.runSuitesSequentially(TestNG.java:1212)
at org.testng.TestNG.runSuitesLocally(TestNG.java:1134)
at org.testng.TestNG.runSuites(TestNG.java:1063)
at org.testng.TestNG.run(TestNG.java:1031)
at org.testng.remote.AbstractRemoteTestNG.run(AbstractRemoteTestNG.java:115)
at org.testng.remote.RemoteTestNG.initAndRun(RemoteTestNG.java:251)
at org.testng.remote.RemoteTestNG.main(RemoteTestNG.java:77)
]]>
    </error>
  </testcase> <!-- setup -->
  <system-out/>
  <testcase name="selectAmount" time="0.000" classname="com.ba.Task.tests.BookingPageTest">
    <skipped/>
  </testcase> <!-- selectAmount -->
  <system-out/>
  <testcase name="ischeckaAmountExist" time="0.000" classname="com.ba.Task.tests.BookingPageTest">
    <skipped/>
  </testcase> <!-- ischeckaAmountExist -->
  <system-out/>
  <testcase name="ischeckaRatingExist" time="0.000" classname="com.ba.Task.tests.BookingPageTest">
    <skipped/>
  </testcase> <!-- ischeckaRatingExist -->
  <system-out/>
  <testcase name="selectGuestRating" time="0.000" classname="com.ba.Task.tests.BookingPageTest">
    <skipped/>
  </testcase> <!-- selectGuestRating -->
  <system-out/>
  <testcase name="isCheckLunchincluded" time="0.000" classname="com.ba.Task.tests.BookingPageTest">
    <skipped/>
  </testcase> <!-- isCheckLunchincluded -->
  <system-out/>
  <testcase name="selectLunch" time="0.000" classname="com.ba.Task.tests.BookingPageTest">
    <skipped/>
  </testcase> <!-- selectLunch -->
  <system-out/>
  <testcase name="isCheckDinnerincluded" time="0.000" classname="com.ba.Task.tests.BookingPageTest">
    <skipped/>
  </testcase> <!-- isCheckDinnerincluded -->
  <system-out/>
  <testcase name="selectDinner" time="0.000" classname="com.ba.Task.tests.BookingPageTest">
    <skipped/>
  </testcase> <!-- selectDinner -->
  <system-out/>
  <testcase name="selectDropdown" time="0.000" classname="com.ba.Task.tests.BookingPageTest">
    <skipped/>
  </testcase> <!-- selectDropdown -->
  <system-out/>
  <testcase name="selectHotelList" time="0.000" classname="com.ba.Task.tests.BookingPageTest">
    <skipped/>
  </testcase> <!-- selectHotelList -->
  <system-out/>
  <testcase name="cheapesthotels" time="0.001" classname="com.ba.Task.tests.BookingPageTest">
    <skipped/>
  </testcase> <!-- cheapesthotels -->
  <system-out/>
  <testcase name="clickCheapestHotel" time="0.000" classname="com.ba.Task.tests.BookingPageTest">
    <skipped/>
  </testcase> <!-- clickCheapestHotel -->
  <system-out/>
</testsuite> <!-- com.ba.Task.tests.BookingPageTest -->
