<?xml version="1.0" encoding="UTF-8"?>
<!-- Generated by org.testng.reporters.JUnitReportReporter -->
<testsuite skipped="0" hostname="LAPTOP-K171VAOP" name="com.ba.Task.tests.TravelPageTest" tests="6" failures="0" timestamp="2022-05-12T14:44:16 IST" time="84.244" errors="0">
  <testcase name="TravlePageTest" time="5.519" classname="com.ba.Task.tests.TravelPageTest"/>
  <system-out/>
  <testcase name="TravelpageTitleTests" time="0.551" classname="com.ba.Task.tests.TravelPageTest"/>
  <system-out/>
  <testcase name="SelectFirstDate" time="13.405" classname="com.ba.Task.tests.TravelPageTest"/>
  <system-out/>
  <testcase name="selectTraveller" time="9.266" classname="com.ba.Task.tests.TravelPageTest"/>
  <system-out/>
  <testcase name="searchbtn" time="1.654" classname="com.ba.Task.tests.TravelPageTest"/>
  <system-out/>
  <testcase name="searchClick" time="53.849" classname="com.ba.Task.tests.TravelPageTest"/>
  <system-out/>
</testsuite> <!-- com.ba.Task.tests.TravelPageTest -->
