<?xml version="1.0" encoding="UTF-8"?>
<!-- Generated by org.testng.reporters.JUnitReportReporter -->
<testsuite skipped="12" hostname="LAPTOP-K171VAOP" name="com.ba.Task.tests.BookingPageTest" tests="13" failures="0" timestamp="2022-05-06T17:01:36 IST" time="3.381" errors="1">
  <testcase name="setup" time="3.381" classname="com.ba.Task.tests.BookingPageTest">
    <error type="org.openqa.selenium.WebDriverException" message="unknown error: cannot determine loading status
from disconnected: received Inspector.detached event
  (Session info: chrome=101.0.4951.54)
Build info: version: &#039;3.141.59&#039;, revision: &#039;e82be7d358&#039;, time: &#039;2018-11-14T08:17:03&#039;
System info: host: &#039;LAPTOP-K171VAOP&#039;, ip: &#039;192.168.100.41&#039;, os.name: &#039;Windows 10&#039;, os.arch: &#039;amd64&#039;, os.version: &#039;10.0&#039;, java.version: &#039;1.8.0_202&#039;
Driver info: org.openqa.selenium.chrome.ChromeDriver
Capabilities {acceptInsecureCerts: false, browserName: chrome, browserVersion: 101.0.4951.54, chrome: {chromedriverVersion: 101.0.4951.41 (93c720db8323..., userDataDir: C:\Users\angap\AppData\Loca...}, goog:chromeOptions: {debuggerAddress: localhost:51829}, javascriptEnabled: true, networkConnectionEnabled: false, pageLoadStrategy: normal, platform: WINDOWS, platformName: WINDOWS, proxy: Proxy(), setWindowRect: true, strictFileInteractability: false, timeouts: {implicit: 0, pageLoad: 300000, script: 30000}, unhandledPromptBehavior: dismiss and notify, webauthn:extension:credBlob: true, webauthn:extension:largeBlob: true, webauthn:virtualAuthenticators: true}
Session ID: 5f0e91c3a98d289c6f5d37dadd1d124f">
      <![CDATA[org.openqa.selenium.WebDriverException: unknown error: cannot determine loading status
from disconnected: received Inspector.detached event
  (Session info: chrome=101.0.4951.54)
Build info: version: '3.141.59', revision: 'e82be7d358', time: '2018-11-14T08:17:03'
System info: host: 'LAPTOP-K171VAOP', ip: '192.168.100.41', os.name: 'Windows 10', os.arch: 'amd64', os.version: '10.0', java.version: '1.8.0_202'
Driver info: org.openqa.selenium.chrome.ChromeDriver
Capabilities {acceptInsecureCerts: false, browserName: chrome, browserVersion: 101.0.4951.54, chrome: {chromedriverVersion: 101.0.4951.41 (93c720db8323..., userDataDir: C:\Users\angap\AppData\Loca...}, goog:chromeOptions: {debuggerAddress: localhost:51829}, javascriptEnabled: true, networkConnectionEnabled: false, pageLoadStrategy: normal, platform: WINDOWS, platformName: WINDOWS, proxy: Proxy(), setWindowRect: true, strictFileInteractability: false, timeouts: {implicit: 0, pageLoad: 300000, script: 30000}, unhandledPromptBehavior: dismiss and notify, webauthn:extension:credBlob: true, webauthn:extension:largeBlob: true, webauthn:virtualAuthenticators: true}
Session ID: 5f0e91c3a98d289c6f5d37dadd1d124f
at sun.reflect.NativeConstructorAccessorImpl.newInstance0(Native Method)
at sun.reflect.NativeConstructorAccessorImpl.newInstance(NativeConstructorAccessorImpl.java:62)
at sun.reflect.DelegatingConstructorAccessorImpl.newInstance(DelegatingConstructorAccessorImpl.java:45)
at java.lang.reflect.Constructor.newInstance(Constructor.java:423)
at org.openqa.selenium.remote.http.W3CHttpResponseCodec.createException(W3CHttpResponseCodec.java:187)
at org.openqa.selenium.remote.http.W3CHttpResponseCodec.decode(W3CHttpResponseCodec.java:122)
at org.openqa.selenium.remote.http.W3CHttpResponseCodec.decode(W3CHttpResponseCodec.java:49)
at org.openqa.selenium.remote.HttpCommandExecutor.execute(HttpCommandExecutor.java:158)
at org.openqa.selenium.remote.service.DriverCommandExecutor.execute(DriverCommandExecutor.java:83)
at org.openqa.selenium.remote.RemoteWebDriver.execute(RemoteWebDriver.java:552)
at org.openqa.selenium.remote.RemoteWebDriver.get(RemoteWebDriver.java:277)
at com.ba.Task.factory.DriverFactory.initDriver(DriverFactory.java:64)
at com.ba.Task.tests.BaseTest.setup(BaseTest.java:28)
at sun.reflect.NativeMethodAccessorImpl.invoke0(Native Method)
at sun.reflect.NativeMethodAccessorImpl.invoke(NativeMethodAccessorImpl.java:62)
at sun.reflect.DelegatingMethodAccessorImpl.invoke(DelegatingMethodAccessorImpl.java:43)
at java.lang.reflect.Method.invoke(Method.java:498)
at org.testng.internal.MethodInvocationHelper.invokeMethod(MethodInvocationHelper.java:133)
at org.testng.internal.MethodInvocationHelper.invokeMethodConsideringTimeout(MethodInvocationHelper.java:62)
at org.testng.internal.ConfigInvoker.invokeConfigurationMethod(ConfigInvoker.java:385)
at org.testng.internal.ConfigInvoker.invokeConfigurations(ConfigInvoker.java:321)
at org.testng.TestRunner.invokeTestConfigurations(TestRunner.java:637)
at org.testng.TestRunner.beforeRun(TestRunner.java:627)
at org.testng.TestRunner.run(TestRunner.java:589)
at org.testng.SuiteRunner.runTest(SuiteRunner.java:377)
at org.testng.SuiteRunner.runSequentially(SuiteRunner.java:371)
at org.testng.SuiteRunner.privateRun(SuiteRunner.java:332)
at org.testng.SuiteRunner.run(SuiteRunner.java:276)
at org.testng.SuiteRunnerWorker.runSuite(SuiteRunnerWorker.java:53)
at org.testng.SuiteRunnerWorker.run(SuiteRunnerWorker.java:96)
at org.testng.TestNG.runSuitesSequentially(TestNG.java:1212)
at org.testng.TestNG.runSuitesLocally(TestNG.java:1134)
at org.testng.TestNG.runSuites(TestNG.java:1063)
at org.testng.TestNG.run(TestNG.java:1031)
at org.testng.remote.AbstractRemoteTestNG.run(AbstractRemoteTestNG.java:115)
at org.testng.remote.RemoteTestNG.initAndRun(RemoteTestNG.java:251)
at org.testng.remote.RemoteTestNG.main(RemoteTestNG.java:77)
]]>
    </error>
  </testcase> <!-- setup -->
  <system-out/>
  <testcase name="selectAmount" time="0.000" classname="com.ba.Task.tests.BookingPageTest">
    <skipped/>
  </testcase> <!-- selectAmount -->
  <system-out/>
  <testcase name="ischeckaAmountExist" time="0.000" classname="com.ba.Task.tests.BookingPageTest">
    <skipped/>
  </testcase> <!-- ischeckaAmountExist -->
  <system-out/>
  <testcase name="ischeckaRatingExist" time="0.000" classname="com.ba.Task.tests.BookingPageTest">
    <skipped/>
  </testcase> <!-- ischeckaRatingExist -->
  <system-out/>
  <testcase name="selectGuestRating" time="0.000" classname="com.ba.Task.tests.BookingPageTest">
    <skipped/>
  </testcase> <!-- selectGuestRating -->
  <system-out/>
  <testcase name="isCheckLunchincluded" time="0.000" classname="com.ba.Task.tests.BookingPageTest">
    <skipped/>
  </testcase> <!-- isCheckLunchincluded -->
  <system-out/>
  <testcase name="selectLunch" time="0.000" classname="com.ba.Task.tests.BookingPageTest">
    <skipped/>
  </testcase> <!-- selectLunch -->
  <system-out/>
  <testcase name="isCheckDinnerincluded" time="0.000" classname="com.ba.Task.tests.BookingPageTest">
    <skipped/>
  </testcase> <!-- isCheckDinnerincluded -->
  <system-out/>
  <testcase name="selectDinner" time="0.000" classname="com.ba.Task.tests.BookingPageTest">
    <skipped/>
  </testcase> <!-- selectDinner -->
  <system-out/>
  <testcase name="selectDropdown" time="0.000" classname="com.ba.Task.tests.BookingPageTest">
    <skipped/>
  </testcase> <!-- selectDropdown -->
  <system-out/>
  <testcase name="selectHotelList" time="0.000" classname="com.ba.Task.tests.BookingPageTest">
    <skipped/>
  </testcase> <!-- selectHotelList -->
  <system-out/>
  <testcase name="cheapesthotels" time="0.000" classname="com.ba.Task.tests.BookingPageTest">
    <skipped/>
  </testcase> <!-- cheapesthotels -->
  <system-out/>
  <testcase name="clickCheapestHotel" time="0.000" classname="com.ba.Task.tests.BookingPageTest">
    <skipped/>
  </testcase> <!-- clickCheapestHotel -->
  <system-out/>
</testsuite> <!-- com.ba.Task.tests.BookingPageTest -->
