<?xml version="1.0" encoding="UTF-8"?>
<!-- Generated by org.testng.reporters.JUnitReportReporter -->
<testsuite skipped="6" hostname="LAPTOP-K171VAOP" name="com.ba.Task.tests.TravelPageTest" tests="7" failures="0" timestamp="2022-05-11T15:53:18 IST" time="2.904" errors="1">
  <testcase name="setup" time="2.904" classname="com.ba.Task.tests.TravelPageTest">
    <error type="org.openqa.selenium.WebDriverException" message="Unable to parse remote response: &lt;html&gt;
&lt;head&gt;
&lt;meta http-equiv=&quot;Content-Type&quot; content=&quot;text/html;charset=utf-8&quot;/&gt;
&lt;title&gt;Error 403 No valid crumb was included in the request&lt;/title&gt;
&lt;/head&gt;
&lt;body&gt;&lt;h2&gt;HTTP ERROR 403 No valid crumb was included in the request&lt;/h2&gt;
&lt;table&gt;
&lt;tr&gt;&lt;th&gt;URI:&lt;/th&gt;&lt;td&gt;/session&lt;/td&gt;&lt;/tr&gt;
&lt;tr&gt;&lt;th&gt;STATUS:&lt;/th&gt;&lt;td&gt;403&lt;/td&gt;&lt;/tr&gt;
&lt;tr&gt;&lt;th&gt;MESSAGE:&lt;/th&gt;&lt;td&gt;No valid crumb was included in the request&lt;/td&gt;&lt;/tr&gt;
&lt;tr&gt;&lt;th&gt;SERVLET:&lt;/th&gt;&lt;td&gt;Stapler&lt;/td&gt;&lt;/tr&gt;
&lt;/table&gt;
&lt;hr&gt;&lt;a href=&quot;https://eclipse.org/jetty&quot;&gt;Powered by Jetty:// 9.4.43.v20210629&lt;/a&gt;&lt;hr/&gt;

&lt;/body&gt;
&lt;/html&gt;
">
      <![CDATA[org.openqa.selenium.WebDriverException: Unable to parse remote response: <html>
<head>
<meta http-equiv="Content-Type" content="text/html;charset=utf-8"/>
<title>Error 403 No valid crumb was included in the request</title>
</head>
<body><h2>HTTP ERROR 403 No valid crumb was included in the request</h2>
<table>
<tr><th>URI:</th><td>/session</td></tr>
<tr><th>STATUS:</th><td>403</td></tr>
<tr><th>MESSAGE:</th><td>No valid crumb was included in the request</td></tr>
<tr><th>SERVLET:</th><td>Stapler</td></tr>
</table>
<hr><a href="https://eclipse.org/jetty">Powered by Jetty:// 9.4.43.v20210629</a><hr/>

</body>
</html>

at org.openqa.selenium.remote.ProtocolHandshake.createSession(ProtocolHandshake.java:115)
at org.openqa.selenium.remote.ProtocolHandshake.createSession(ProtocolHandshake.java:74)
at org.openqa.selenium.remote.HttpCommandExecutor.execute(HttpCommandExecutor.java:136)
at org.openqa.selenium.remote.RemoteWebDriver.execute(RemoteWebDriver.java:552)
at org.openqa.selenium.remote.RemoteWebDriver.startSession(RemoteWebDriver.java:213)
at org.openqa.selenium.remote.RemoteWebDriver.<init>(RemoteWebDriver.java:131)
at org.openqa.selenium.remote.RemoteWebDriver.<init>(RemoteWebDriver.java:144)
at com.ba.Task.factory.DriverFactory.init_remoteDriver(DriverFactory.java:94)
at com.ba.Task.factory.DriverFactory.initDriver(DriverFactory.java:51)
at com.ba.Task.tests.BaseTest.setup(BaseTest.java:28)
at sun.reflect.NativeMethodAccessorImpl.invoke0(Native Method)
at sun.reflect.NativeMethodAccessorImpl.invoke(NativeMethodAccessorImpl.java:62)
at sun.reflect.DelegatingMethodAccessorImpl.invoke(DelegatingMethodAccessorImpl.java:43)
at java.lang.reflect.Method.invoke(Method.java:498)
at org.testng.internal.MethodInvocationHelper.invokeMethod(MethodInvocationHelper.java:133)
at org.testng.internal.MethodInvocationHelper.invokeMethodConsideringTimeout(MethodInvocationHelper.java:62)
at org.testng.internal.ConfigInvoker.invokeConfigurationMethod(ConfigInvoker.java:385)
at org.testng.internal.ConfigInvoker.invokeConfigurations(ConfigInvoker.java:321)
at org.testng.TestRunner.invokeTestConfigurations(TestRunner.java:637)
at org.testng.TestRunner.beforeRun(TestRunner.java:627)
at org.testng.TestRunner.run(TestRunner.java:589)
at org.testng.SuiteRunner.runTest(SuiteRunner.java:377)
at org.testng.SuiteRunner.runSequentially(SuiteRunner.java:371)
at org.testng.SuiteRunner.privateRun(SuiteRunner.java:332)
at org.testng.SuiteRunner.run(SuiteRunner.java:276)
at org.testng.SuiteRunnerWorker.runSuite(SuiteRunnerWorker.java:53)
at org.testng.SuiteRunnerWorker.run(SuiteRunnerWorker.java:96)
at org.testng.TestNG.runSuitesSequentially(TestNG.java:1212)
at org.testng.TestNG.runSuitesLocally(TestNG.java:1134)
at org.testng.TestNG.runSuites(TestNG.java:1063)
at org.testng.TestNG.run(TestNG.java:1031)
at org.testng.remote.AbstractRemoteTestNG.run(AbstractRemoteTestNG.java:115)
at org.testng.remote.RemoteTestNG.initAndRun(RemoteTestNG.java:251)
at org.testng.remote.RemoteTestNG.main(RemoteTestNG.java:77)
Caused by: org.openqa.selenium.json.JsonException: Unable to determine type from: <. Last 1 characters read: <
Build info: version: '3.141.59', revision: 'e82be7d358', time: '2018-11-14T08:17:03'
System info: host: 'LAPTOP-K171VAOP', ip: '192.168.100.41', os.name: 'Windows 10', os.arch: 'amd64', os.version: '10.0', java.version: '1.8.0_202'
Driver info: driver.version: RemoteWebDriver
at org.openqa.selenium.json.JsonInput.peek(JsonInput.java:122)
at org.openqa.selenium.json.JsonTypeCoercer.lambda$null$6(JsonTypeCoercer.java:140)
at org.openqa.selenium.json.JsonTypeCoercer.coerce(JsonTypeCoercer.java:126)
at org.openqa.selenium.json.Json.toType(Json.java:69)
at org.openqa.selenium.json.Json.toType(Json.java:55)
at org.openqa.selenium.json.Json.toType(Json.java:50)
at org.openqa.selenium.remote.ProtocolHandshake.createSession(ProtocolHandshake.java:112)
... 33 more
]]>
    </error>
  </testcase> <!-- setup -->
  <system-out/>
  <testcase name="TravlePageTest" time="0.000" classname="com.ba.Task.tests.TravelPageTest">
    <skipped/>
  </testcase> <!-- TravlePageTest -->
  <system-out/>
  <testcase name="TravelpageTitleTests" time="0.000" classname="com.ba.Task.tests.TravelPageTest">
    <skipped/>
  </testcase> <!-- TravelpageTitleTests -->
  <system-out/>
  <testcase name="SelectFirstDate" time="0.000" classname="com.ba.Task.tests.TravelPageTest">
    <skipped/>
  </testcase> <!-- SelectFirstDate -->
  <system-out/>
  <testcase name="selectTraveller" time="0.000" classname="com.ba.Task.tests.TravelPageTest">
    <skipped/>
  </testcase> <!-- selectTraveller -->
  <system-out/>
  <testcase name="searchbtn" time="0.000" classname="com.ba.Task.tests.TravelPageTest">
    <skipped/>
  </testcase> <!-- searchbtn -->
  <system-out/>
  <testcase name="searchClick" time="0.000" classname="com.ba.Task.tests.TravelPageTest">
    <skipped/>
  </testcase> <!-- searchClick -->
  <system-out/>
</testsuite> <!-- com.ba.Task.tests.TravelPageTest -->
