<?xml version="1.0" encoding="UTF-8"?>
<!-- Generated by org.testng.reporters.JUnitReportReporter -->
<testsuite skipped="0" hostname="LAPTOP-K171VAOP" name="com.ba.Task.tests.BookingPageTest" tests="12" failures="0" timestamp="2022-05-09T12:47:46 IST" time="94.237" errors="0">
  <testcase name="selectAmount" time="11.383" classname="com.ba.Task.tests.BookingPageTest"/>
  <system-out/>
  <testcase name="ischeckaAmountExist" time="1.726" classname="com.ba.Task.tests.BookingPageTest"/>
  <system-out/>
  <testcase name="ischeckaRatingExist" time="1.712" classname="com.ba.Task.tests.BookingPageTest"/>
  <system-out/>
  <testcase name="selectGuestRating" time="8.906" classname="com.ba.Task.tests.BookingPageTest"/>
  <system-out/>
  <testcase name="isCheckLunchincluded" time="1.686" classname="com.ba.Task.tests.BookingPageTest"/>
  <system-out/>
  <testcase name="selectLunch" time="8.568" classname="com.ba.Task.tests.BookingPageTest"/>
  <system-out/>
  <testcase name="isCheckDinnerincluded" time="1.680" classname="com.ba.Task.tests.BookingPageTest"/>
  <system-out/>
  <testcase name="selectDinner" time="8.422" classname="com.ba.Task.tests.BookingPageTest"/>
  <system-out/>
  <testcase name="selectDropdown" time="8.472" classname="com.ba.Task.tests.BookingPageTest"/>
  <system-out/>
  <testcase name="selectHotelList" time="0.128" classname="com.ba.Task.tests.BookingPageTest"/>
  <system-out/>
  <testcase name="cheapesthotels" time="1.600" classname="com.ba.Task.tests.BookingPageTest"/>
  <system-out/>
  <testcase name="clickCheapestHotel" time="39.954" classname="com.ba.Task.tests.BookingPageTest"/>
  <system-out/>
</testsuite> <!-- com.ba.Task.tests.BookingPageTest -->
