<?xml version="1.0" encoding="UTF-8"?>
<!-- Generated by org.testng.reporters.JUnitReportReporter -->
<testsuite skipped="0" hostname="LAPTOP-K171VAOP" name="com.ba.Task.tests.TravelPageTest" tests="6" failures="0" timestamp="2022-05-09T12:47:46 IST" time="85.472" errors="0">
  <testcase name="TravlePageTest" time="5.413" classname="com.ba.Task.tests.TravelPageTest"/>
  <system-out/>
  <testcase name="TravelpageTitleTests" time="0.412" classname="com.ba.Task.tests.TravelPageTest"/>
  <system-out/>
  <testcase name="SelectFirstDate" time="13.904" classname="com.ba.Task.tests.TravelPageTest"/>
  <system-out/>
  <testcase name="selectTraveller" time="9.702" classname="com.ba.Task.tests.TravelPageTest"/>
  <system-out/>
  <testcase name="searchbtn" time="1.803" classname="com.ba.Task.tests.TravelPageTest"/>
  <system-out/>
  <testcase name="searchClick" time="54.238" classname="com.ba.Task.tests.TravelPageTest"/>
  <system-out/>
</testsuite> <!-- com.ba.Task.tests.TravelPageTest -->
