<?xml version="1.0" encoding="UTF-8"?>
<!-- Generated by org.testng.reporters.JUnitReportReporter -->
<testsuite skipped="0" hostname="LAPTOP-K171VAOP" name="com.ba.Task.tests.TravelPageTest" tests="6" failures="0" timestamp="2022-05-12T10:49:36 IST" time="80.272" errors="0">
  <testcase name="TravlePageTest" time="4.997" classname="com.ba.Task.tests.TravelPageTest"/>
  <system-out/>
  <testcase name="TravelpageTitleTests" time="0.132" classname="com.ba.Task.tests.TravelPageTest"/>
  <system-out/>
  <testcase name="SelectFirstDate" time="12.801" classname="com.ba.Task.tests.TravelPageTest"/>
  <system-out/>
  <testcase name="selectTraveller" time="8.193" classname="com.ba.Task.tests.TravelPageTest"/>
  <system-out/>
  <testcase name="searchbtn" time="1.576" classname="com.ba.Task.tests.TravelPageTest"/>
  <system-out/>
  <testcase name="searchClick" time="52.573" classname="com.ba.Task.tests.TravelPageTest"/>
  <system-out/>
</testsuite> <!-- com.ba.Task.tests.TravelPageTest -->
