<?xml version="1.0" encoding="UTF-8"?>
<!-- Generated by org.testng.reporters.JUnitReportReporter -->
<testsuite skipped="0" hostname="LAPTOP-K171VAOP" name="com.ba.Task.tests.BookingPageTest" tests="12" failures="0" timestamp="2022-05-12T11:28:13 IST" time="94.287" errors="0">
  <testcase name="selectAmount" time="11.542" classname="com.ba.Task.tests.BookingPageTest"/>
  <system-out/>
  <testcase name="ischeckaAmountExist" time="1.780" classname="com.ba.Task.tests.BookingPageTest"/>
  <system-out/>
  <testcase name="ischeckaRatingExist" time="1.623" classname="com.ba.Task.tests.BookingPageTest"/>
  <system-out/>
  <testcase name="selectGuestRating" time="8.500" classname="com.ba.Task.tests.BookingPageTest"/>
  <system-out/>
  <testcase name="isCheckLunchincluded" time="1.764" classname="com.ba.Task.tests.BookingPageTest"/>
  <system-out/>
  <testcase name="selectLunch" time="8.512" classname="com.ba.Task.tests.BookingPageTest"/>
  <system-out/>
  <testcase name="isCheckDinnerincluded" time="1.706" classname="com.ba.Task.tests.BookingPageTest"/>
  <system-out/>
  <testcase name="selectDinner" time="8.363" classname="com.ba.Task.tests.BookingPageTest"/>
  <system-out/>
  <testcase name="selectDropdown" time="8.619" classname="com.ba.Task.tests.BookingPageTest"/>
  <system-out/>
  <testcase name="selectHotelList" time="0.100" classname="com.ba.Task.tests.BookingPageTest"/>
  <system-out/>
  <testcase name="cheapesthotels" time="1.552" classname="com.ba.Task.tests.BookingPageTest"/>
  <system-out/>
  <testcase name="clickCheapestHotel" time="40.226" classname="com.ba.Task.tests.BookingPageTest"/>
  <system-out/>
</testsuite> <!-- com.ba.Task.tests.BookingPageTest -->
