<?xml version="1.0" encoding="UTF-8"?>
<!-- Generated by org.testng.reporters.JUnitReportReporter -->
<testsuite hostname="LAPTOP-K171VAOP" name="com.ba.Task.tests.TravelPageTest" tests="6" failures="0" timestamp="13 May 2022 10:04:07 GMT" time="83.336" errors="0">
  <testcase name="SelectFirstDate" time="13.810" classname="com.ba.Task.tests.TravelPageTest"/>
  <testcase name="searchClick" time="52.762" classname="com.ba.Task.tests.TravelPageTest"/>
  <testcase name="searchbtn" time="1.694" classname="com.ba.Task.tests.TravelPageTest"/>
  <testcase name="TravelpageTitleTests" time="0.417" classname="com.ba.Task.tests.TravelPageTest"/>
  <testcase name="TravlePageTest" time="5.382" classname="com.ba.Task.tests.TravelPageTest"/>
  <testcase name="selectTraveller" time="9.271" classname="com.ba.Task.tests.TravelPageTest"/>
</testsuite> <!-- com.ba.Task.tests.TravelPageTest -->
